<?xml version="1.0" encoding="UTF-8"?>
<!-- Generated by org.testng.reporters.JUnitXMLReporter -->
<testsuite ignored="19" hostname="DESKTOP-G8B6IEI" failures="1" tests="6" name="Regression" time="267.126" errors="0" timestamp="2023-09-06T21:18:00 IST">
  <testcase classname="com.shoplocal.testCases.AddToCartPageTest" name="addToCartTest" time="34.382"/>
  <testcase classname="com.shoplocal.testCases.AddToCartPageTest" name="clickOnCartIconText" time="37.331"/>
  <testcase classname="com.shoplocal.testCases.AddToCartPageTest" name="shipmentSelectionTest" time="18.749">
    <failure type="org.openqa.selenium.NoSuchWindowException" message="no such window: target window already closed
from unknown error: web view not found
  (Session info: chrome=116.0.5845.179)
Build info: version: &amp;apos;4.12.0&amp;apos;, revision: &amp;apos;249f2a7d1b*&amp;apos;
System info: os.name: &amp;apos;Windows 10&amp;apos;, os.arch: &amp;apos;amd64&amp;apos;, os.version: &amp;apos;10.0&amp;apos;, java.version: &amp;apos;19.0.2&amp;apos;
Driver info: org.openqa.selenium.chrome.ChromeDriver
Command: [d42215194e95a8fe1c50fe84d8471c04, findElement {using=class name, value=shrc_btn}]
Capabilities {acceptInsecureCerts: false, browserName: chrome, browserVersion: 116.0.5845.179, chrome: {chromedriverVersion: 116.0.5845.96 (1a3918166880..., userDataDir: C:\Users\user\AppData\Local...}, fedcm:accounts: true, goog:chromeOptions: {debuggerAddress: localhost:64091}, networkConnectionEnabled: false, pageLoadStrategy: normal, platformName: windows, proxy: Proxy(), se:cdp: ws://localhost:64091/devtoo..., se:cdpVersion: 116.0.5845.179, setWindowRect: true, strictFileInteractability: false, timeouts: {implicit: 0, pageLoad: 300000, script: 30000}, unhandledPromptBehavior: dismiss and notify, webauthn:extension:credBlob: true, webauthn:extension:largeBlob: true, webauthn:extension:minPinLength: true, webauthn:extension:prf: true, webauthn:virtualAuthenticators: true}
Session ID: d42215194e95a8fe1c50fe84d8471c04">
      <![CDATA[org.openqa.selenium.NoSuchWindowException: no such window: target window already closed
from unknown error: web view not found
  (Session info: chrome=116.0.5845.179)
Build info: version: '4.12.0', revision: '249f2a7d1b*'
System info: os.name: 'Windows 10', os.arch: 'amd64', os.version: '10.0', java.version: '19.0.2'
Driver info: org.openqa.selenium.chrome.ChromeDriver
Command: [d42215194e95a8fe1c50fe84d8471c04, findElement {using=class name, value=shrc_btn}]
Capabilities {acceptInsecureCerts: false, browserName: chrome, browserVersion: 116.0.5845.179, chrome: {chromedriverVersion: 116.0.5845.96 (1a3918166880..., userDataDir: C:\Users\user\AppData\Local...}, fedcm:accounts: true, goog:chromeOptions: {debuggerAddress: localhost:64091}, networkConnectionEnabled: false, pageLoadStrategy: normal, platformName: windows, proxy: Proxy(), se:cdp: ws://localhost:64091/devtoo..., se:cdpVersion: 116.0.5845.179, setWindowRect: true, strictFileInteractability: false, timeouts: {implicit: 0, pageLoad: 300000, script: 30000}, unhandledPromptBehavior: dismiss and notify, webauthn:extension:credBlob: true, webauthn:extension:largeBlob: true, webauthn:extension:minPinLength: true, webauthn:extension:prf: true, webauthn:virtualAuthenticators: true}
Session ID: d42215194e95a8fe1c50fe84d8471c04
at org.openqa.selenium.remote.codec.w3c.W3CHttpResponseCodec.createException(W3CHttpResponseCodec.java:200)
at org.openqa.selenium.remote.codec.w3c.W3CHttpResponseCodec.decode(W3CHttpResponseCodec.java:133)
at org.openqa.selenium.remote.codec.w3c.W3CHttpResponseCodec.decode(W3CHttpResponseCodec.java:52)
at org.openqa.selenium.remote.HttpCommandExecutor.execute(HttpCommandExecutor.java:191)
at org.openqa.selenium.remote.service.DriverCommandExecutor.invokeExecute(DriverCommandExecutor.java:196)
at org.openqa.selenium.remote.service.DriverCommandExecutor.execute(DriverCommandExecutor.java:171)
at org.openqa.selenium.remote.RemoteWebDriver.execute(RemoteWebDriver.java:602)
at org.openqa.selenium.remote.ElementLocation$ElementFinder$2.findElement(ElementLocation.java:165)
at org.openqa.selenium.remote.ElementLocation.findElement(ElementLocation.java:66)
at org.openqa.selenium.remote.RemoteWebDriver.findElement(RemoteWebDriver.java:359)
at org.openqa.selenium.remote.RemoteWebDriver.findElement(RemoteWebDriver.java:353)
at org.openqa.selenium.support.pagefactory.DefaultElementLocator.findElement(DefaultElementLocator.java:68)
at org.openqa.selenium.support.pagefactory.internal.LocatingElementHandler.invoke(LocatingElementHandler.java:38)
at jdk.proxy2/jdk.proxy2.$Proxy23.toString(Unknown Source)
at java.base/java.lang.String.valueOf(String.java:4225)
at com.shoplocal.actiondriver.Action.performClick(Action.java:49)
at com.shoplocal.pageObjects.HomePage.searchProduct(HomePage.java:35)
at com.shoplocal.testCases.AddToCartPageTest.shipmentSelectionTest(AddToCartPageTest.java:51)
at java.base/java.util.ArrayList.forEach(ArrayList.java:1511)
at com.intellij.rt.testng.IDEARemoteTestNG.run(IDEARemoteTestNG.java:66)
at com.intellij.rt.testng.RemoteTestNGStarter.main(RemoteTestNGStarter.java:105)
... Removed 25 stack frames]]>
    </failure>
  </testcase> <!-- shipmentSelectionTest -->
  <testcase classname="com.shoplocal.testCases.CartCheckoutPageTest" name="switchTabAndProductAvailability" time="36.497"/>
  <testcase classname="com.shoplocal.testCases.CartCheckoutPageTest" name="verifyTotalPrice" time="36.084"/>
  <testcase classname="com.shoplocal.testCases.EndToEndTest" name="endToendTest" time="49.125"/>
  <testcase classname="com.shoplocal.testCases.HomePageTest" name="searchProductTest" time="0.0">
    <ignored/>
  </testcase> <!-- searchProductTest -->
  <testcase classname="com.shoplocal.Base.BaseClass" name="@BeforeSuite loadConfig" time="0.0">
    <ignored/>
  </testcase> <!-- @BeforeSuite loadConfig -->
  <testcase classname="com.shoplocal.testCases.HomePageTest" name="ClickOnTodaysDealsTest" time="0.0">
    <ignored/>
  </testcase> <!-- ClickOnTodaysDealsTest -->
  <testcase classname="com.shoplocal.testCases.IndexPageTest" name="validateLogoTest" time="0.0">
    <ignored/>
  </testcase> <!-- validateLogoTest -->
  <testcase classname="com.shoplocal.testCases.IndexPageTest" name="clickOnLoginTest" time="0.0">
    <ignored/>
  </testcase> <!-- clickOnLoginTest -->
  <testcase classname="com.shoplocal.Base.BaseClass" name="@BeforeSuite loadConfig" time="0.0">
    <ignored/>
  </testcase> <!-- @BeforeSuite loadConfig -->
  <testcase classname="com.shoplocal.Base.BaseClass" name="@BeforeSuite loadConfig" time="0.0">
    <ignored/>
  </testcase> <!-- @BeforeSuite loadConfig -->
  <testcase classname="com.shoplocal.Base.BaseClass" name="@BeforeSuite loadConfig" time="0.0">
    <ignored/>
  </testcase> <!-- @BeforeSuite loadConfig -->
  <testcase classname="com.shoplocal.Base.BaseClass" name="@BeforeSuite loadConfig" time="0.0">
    <ignored/>
  </testcase> <!-- @BeforeSuite loadConfig -->
  <testcase classname="com.shoplocal.testCases.SearchResultPageTest" name="clickOnProductTest" time="0.0">
    <ignored/>
  </testcase> <!-- clickOnProductTest -->
  <testcase classname="com.shoplocal.Base.BaseClass" name="@BeforeSuite loadConfig" time="0.0">
    <ignored/>
  </testcase> <!-- @BeforeSuite loadConfig -->
  <testcase classname="com.shoplocal.Base.BaseClass" name="@BeforeSuite loadConfig" time="0.0">
    <ignored/>
  </testcase> <!-- @BeforeSuite loadConfig -->
  <testcase classname="com.shoplocal.testCases.CustomerLoginPageTest" name="validateLoginTest" time="0.0">
    <ignored/>
  </testcase> <!-- validateLoginTest -->
  <testcase classname="com.shoplocal.testCases.IndexPageTest" name="validatePageTitleTest" time="0.0">
    <ignored/>
  </testcase> <!-- validatePageTitleTest -->
  <testcase classname="com.shoplocal.testCases.CustomerLoginPageTest" name="clickOnSignUpTest" time="0.0">
    <ignored/>
  </testcase> <!-- clickOnSignUpTest -->
  <testcase classname="com.shoplocal.testCases.IndexPageTest" name="clickOnexploreTest" time="0.0">
    <ignored/>
  </testcase> <!-- clickOnexploreTest -->
  <testcase classname="com.shoplocal.Base.BaseClass" name="@BeforeSuite loadConfig" time="0.0">
    <ignored/>
  </testcase> <!-- @BeforeSuite loadConfig -->
  <testcase classname="com.shoplocal.testCases.LoginTypePageTest" name="clickOnCustomerLoginTest" time="0.0">
    <ignored/>
  </testcase> <!-- clickOnCustomerLoginTest -->
  <testcase classname="com.shoplocal.testCases.MyProfilePageTest" name="visibilityOfOrderHistoryTest" time="0.0">
    <ignored/>
  </testcase> <!-- visibilityOfOrderHistoryTest -->
</testsuite> <!-- Regression -->
