<?xml version="1.0" encoding="UTF-8"?>
<!-- Generated by org.testng.reporters.JUnitXMLReporter -->
<testsuite ignored="0" hostname="LT0-18" failures="0" tests="1" name="FailedTest" time="0.005" errors="0" timestamp="2023-09-06T18:44:37 IST">
  <testcase classname="com.shoplocal.testCases.SearchResultPageTest" name="@BeforeMethod setUp" time="-1.694006077507E9">
    <failure type="org.testng.TestNGException" message="
Parameter &amp;apos;browser&amp;apos; is required by BeforeMethod on method setUp but has not been marked @Optional or defined
">
      <![CDATA[org.testng.TestNGException: 
Parameter 'browser' is required by BeforeMethod on method setUp but has not been marked @Optional or defined

at java.base/java.util.ArrayList.forEach(ArrayList.java:1511)
at com.shoplocal.utility.ListenerClass.onTestFailure(ListenerClass.java:76)
at java.base/java.util.ArrayList.forEach(ArrayList.java:1511)
at com.intellij.rt.testng.IDEARemoteTestNG.run(IDEARemoteTestNG.java:66)
at com.intellij.rt.testng.RemoteTestNGStarter.main(RemoteTestNGStarter.java:105)
... Removed 46 stack frames]]>
    </failure>
  </testcase> <!-- @BeforeMethod setUp -->
  <testcase classname="com.shoplocal.testCases.SearchResultPageTest" name="@AfterMethod tearDown" time="0.0">
    <skipped/>
  </testcase> <!-- @AfterMethod tearDown -->
  <testcase classname="com.shoplocal.testCases.SearchResultPageTest" name="clickOnProductTest" time="0.001">
    <skipped/>
  </testcase> <!-- clickOnProductTest -->
</testsuite> <!-- FailedTest -->
